CRITICAL - 2022-09-28 00:44:03 --> Invalid argument supplied for foreach()
#0 C:\xampp\htdocs\admin.pquiz\ci\app\Controllers\Home.php(272): CodeIgniter\Debug\Exceptions->errorHandler(2, 'Invalid argumen...', 'C:\\xampp\\htdocs...', 272, Array)
#1 C:\xampp\htdocs\admin.pquiz\ci\system\CodeIgniter.php(918): App\Controllers\Home->postquestionss()
#2 C:\xampp\htdocs\admin.pquiz\ci\system\CodeIgniter.php(404): CodeIgniter\CodeIgniter->runController(Object(App\Controllers\Home))
#3 C:\xampp\htdocs\admin.pquiz\ci\system\CodeIgniter.php(312): CodeIgniter\CodeIgniter->handleRequest(NULL, Object(Config\Cache), false)
#4 C:\xampp\htdocs\admin.pquiz\index.php(45): CodeIgniter\CodeIgniter->run()
#5 {main}
CRITICAL - 2022-09-28 00:47:17 --> Invalid argument supplied for foreach()
#0 C:\xampp\htdocs\admin.pquiz\ci\app\Controllers\Home.php(272): CodeIgniter\Debug\Exceptions->errorHandler(2, 'Invalid argumen...', 'C:\\xampp\\htdocs...', 272, Array)
#1 C:\xampp\htdocs\admin.pquiz\ci\system\CodeIgniter.php(918): App\Controllers\Home->postquestionss()
#2 C:\xampp\htdocs\admin.pquiz\ci\system\CodeIgniter.php(404): CodeIgniter\CodeIgniter->runController(Object(App\Controllers\Home))
#3 C:\xampp\htdocs\admin.pquiz\ci\system\CodeIgniter.php(312): CodeIgniter\CodeIgniter->handleRequest(NULL, Object(Config\Cache), false)
#4 C:\xampp\htdocs\admin.pquiz\index.php(45): CodeIgniter\CodeIgniter->run()
#5 {main}
CRITICAL - 2022-09-28 00:48:30 --> syntax error, unexpected 'else' (T_ELSE), expecting function (T_FUNCTION) or const (T_CONST)
#0 C:\xampp\htdocs\admin.pquiz\ci\system\Autoloader\Autoloader.php(296): CodeIgniter\Autoloader\Autoloader->requireFile('C:\\xampp\\htdocs...')
#1 C:\xampp\htdocs\admin.pquiz\ci\system\Autoloader\Autoloader.php(258): CodeIgniter\Autoloader\Autoloader->loadInNamespace('App\\Controllers...')
#2 [internal function]: CodeIgniter\Autoloader\Autoloader->loadClass('App\\Controllers...')
#3 [internal function]: spl_autoload_call('App\\Controllers...')
#4 C:\xampp\htdocs\admin.pquiz\ci\system\CodeIgniter.php(869): class_exists('\\App\\Controller...', true)
#5 C:\xampp\htdocs\admin.pquiz\ci\system\CodeIgniter.php(394): CodeIgniter\CodeIgniter->startController()
#6 C:\xampp\htdocs\admin.pquiz\ci\system\CodeIgniter.php(312): CodeIgniter\CodeIgniter->handleRequest(NULL, Object(Config\Cache), false)
#7 C:\xampp\htdocs\admin.pquiz\index.php(45): CodeIgniter\CodeIgniter->run()
#8 {main}
CRITICAL - 2022-09-28 00:49:19 --> Invalid argument supplied for foreach()
#0 C:\xampp\htdocs\admin.pquiz\ci\app\Controllers\Home.php(262): CodeIgniter\Debug\Exceptions->errorHandler(2, 'Invalid argumen...', 'C:\\xampp\\htdocs...', 262, Array)
#1 C:\xampp\htdocs\admin.pquiz\ci\system\CodeIgniter.php(918): App\Controllers\Home->postquestionss()
#2 C:\xampp\htdocs\admin.pquiz\ci\system\CodeIgniter.php(404): CodeIgniter\CodeIgniter->runController(Object(App\Controllers\Home))
#3 C:\xampp\htdocs\admin.pquiz\ci\system\CodeIgniter.php(312): CodeIgniter\CodeIgniter->handleRequest(NULL, Object(Config\Cache), false)
#4 C:\xampp\htdocs\admin.pquiz\index.php(45): CodeIgniter\CodeIgniter->run()
#5 {main}
CRITICAL - 2022-09-28 00:49:48 --> Invalid argument supplied for foreach()
#0 C:\xampp\htdocs\admin.pquiz\ci\app\Controllers\Home.php(263): CodeIgniter\Debug\Exceptions->errorHandler(2, 'Invalid argumen...', 'C:\\xampp\\htdocs...', 263, Array)
#1 C:\xampp\htdocs\admin.pquiz\ci\system\CodeIgniter.php(918): App\Controllers\Home->postquestionss()
#2 C:\xampp\htdocs\admin.pquiz\ci\system\CodeIgniter.php(404): CodeIgniter\CodeIgniter->runController(Object(App\Controllers\Home))
#3 C:\xampp\htdocs\admin.pquiz\ci\system\CodeIgniter.php(312): CodeIgniter\CodeIgniter->handleRequest(NULL, Object(Config\Cache), false)
#4 C:\xampp\htdocs\admin.pquiz\index.php(45): CodeIgniter\CodeIgniter->run()
#5 {main}
CRITICAL - 2022-09-28 00:51:42 --> syntax error, unexpected '}'
#0 C:\xampp\htdocs\admin.pquiz\ci\system\Autoloader\Autoloader.php(296): CodeIgniter\Autoloader\Autoloader->requireFile('C:\\xampp\\htdocs...')
#1 C:\xampp\htdocs\admin.pquiz\ci\system\Autoloader\Autoloader.php(258): CodeIgniter\Autoloader\Autoloader->loadInNamespace('App\\Controllers...')
#2 [internal function]: CodeIgniter\Autoloader\Autoloader->loadClass('App\\Controllers...')
#3 [internal function]: spl_autoload_call('App\\Controllers...')
#4 C:\xampp\htdocs\admin.pquiz\ci\system\CodeIgniter.php(869): class_exists('\\App\\Controller...', true)
#5 C:\xampp\htdocs\admin.pquiz\ci\system\CodeIgniter.php(394): CodeIgniter\CodeIgniter->startController()
#6 C:\xampp\htdocs\admin.pquiz\ci\system\CodeIgniter.php(312): CodeIgniter\CodeIgniter->handleRequest(NULL, Object(Config\Cache), false)
#7 C:\xampp\htdocs\admin.pquiz\index.php(45): CodeIgniter\CodeIgniter->run()
#8 {main}
CRITICAL - 2022-09-28 00:52:13 --> array_push() expects parameter 1 to be array, null given
#0 [internal function]: CodeIgniter\Debug\Exceptions->errorHandler(2, 'array_push() ex...', 'C:\\xampp\\htdocs...', 377, Array)
#1 C:\xampp\htdocs\admin.pquiz\ci\app\Controllers\Home.php(377): array_push(NULL, Array)
#2 [internal function]: App\Controllers\Home->App\Controllers\{closure}(Array)
#3 C:\xampp\htdocs\admin.pquiz\vendor\goodby\csv\src\Goodby\CSV\Import\Standard\Interpreter.php(86): call_user_func(Object(Closure), Array)
#4 C:\xampp\htdocs\admin.pquiz\vendor\goodby\csv\src\Goodby\CSV\Import\Standard\Interpreter.php(74): Goodby\CSV\Import\Standard\Interpreter->delegate(Object(Closure), Array)
#5 C:\xampp\htdocs\admin.pquiz\vendor\goodby\csv\src\Goodby\CSV\Import\Standard\Interpreter.php(44): Goodby\CSV\Import\Standard\Interpreter->notify(Array)
#6 C:\xampp\htdocs\admin.pquiz\vendor\goodby\csv\src\Goodby\CSV\Import\Standard\Lexer.php(63): Goodby\CSV\Import\Standard\Interpreter->interpret(Array)
#7 C:\xampp\htdocs\admin.pquiz\ci\app\Controllers\Home.php(380): Goodby\CSV\Import\Standard\Lexer->parse('C:\\xampp\\htdocs...', Object(Goodby\CSV\Import\Standard\Interpreter))
#8 C:\xampp\htdocs\admin.pquiz\ci\app\Controllers\Home.php(261): App\Controllers\Home->reader('20220928/166434...')
#9 C:\xampp\htdocs\admin.pquiz\ci\system\CodeIgniter.php(918): App\Controllers\Home->postquestionss()
#10 C:\xampp\htdocs\admin.pquiz\ci\system\CodeIgniter.php(404): CodeIgniter\CodeIgniter->runController(Object(App\Controllers\Home))
#11 C:\xampp\htdocs\admin.pquiz\ci\system\CodeIgniter.php(312): CodeIgniter\CodeIgniter->handleRequest(NULL, Object(Config\Cache), false)
#12 C:\xampp\htdocs\admin.pquiz\index.php(45): CodeIgniter\CodeIgniter->run()
#13 {main}
CRITICAL - 2022-09-28 00:52:39 --> Undefined variable: quest
#0 C:\xampp\htdocs\admin.pquiz\ci\app\Controllers\Home.php(303): CodeIgniter\Debug\Exceptions->errorHandler(8, 'Undefined varia...', 'C:\\xampp\\htdocs...', 303, Array)
#1 C:\xampp\htdocs\admin.pquiz\ci\system\CodeIgniter.php(918): App\Controllers\Home->postquestionss()
#2 C:\xampp\htdocs\admin.pquiz\ci\system\CodeIgniter.php(404): CodeIgniter\CodeIgniter->runController(Object(App\Controllers\Home))
#3 C:\xampp\htdocs\admin.pquiz\ci\system\CodeIgniter.php(312): CodeIgniter\CodeIgniter->handleRequest(NULL, Object(Config\Cache), false)
#4 C:\xampp\htdocs\admin.pquiz\index.php(45): CodeIgniter\CodeIgniter->run()
#5 {main}
CRITICAL - 2022-09-28 00:54:05 --> Undefined variable: quest
#0 C:\xampp\htdocs\admin.pquiz\ci\app\Controllers\Home.php(303): CodeIgniter\Debug\Exceptions->errorHandler(8, 'Undefined varia...', 'C:\\xampp\\htdocs...', 303, Array)
#1 C:\xampp\htdocs\admin.pquiz\ci\system\CodeIgniter.php(918): App\Controllers\Home->postquestionss()
#2 C:\xampp\htdocs\admin.pquiz\ci\system\CodeIgniter.php(404): CodeIgniter\CodeIgniter->runController(Object(App\Controllers\Home))
#3 C:\xampp\htdocs\admin.pquiz\ci\system\CodeIgniter.php(312): CodeIgniter\CodeIgniter->handleRequest(NULL, Object(Config\Cache), false)
#4 C:\xampp\htdocs\admin.pquiz\index.php(45): CodeIgniter\CodeIgniter->run()
#5 {main}
CRITICAL - 2022-09-28 00:54:10 --> Undefined variable: quest
#0 C:\xampp\htdocs\admin.pquiz\ci\app\Controllers\Home.php(303): CodeIgniter\Debug\Exceptions->errorHandler(8, 'Undefined varia...', 'C:\\xampp\\htdocs...', 303, Array)
#1 C:\xampp\htdocs\admin.pquiz\ci\system\CodeIgniter.php(918): App\Controllers\Home->postquestionss()
#2 C:\xampp\htdocs\admin.pquiz\ci\system\CodeIgniter.php(404): CodeIgniter\CodeIgniter->runController(Object(App\Controllers\Home))
#3 C:\xampp\htdocs\admin.pquiz\ci\system\CodeIgniter.php(312): CodeIgniter\CodeIgniter->handleRequest(NULL, Object(Config\Cache), false)
#4 C:\xampp\htdocs\admin.pquiz\index.php(45): CodeIgniter\CodeIgniter->run()
#5 {main}
CRITICAL - 2022-09-28 00:54:39 --> Undefined variable: quest
#0 C:\xampp\htdocs\admin.pquiz\ci\app\Controllers\Home.php(303): CodeIgniter\Debug\Exceptions->errorHandler(8, 'Undefined varia...', 'C:\\xampp\\htdocs...', 303, Array)
#1 C:\xampp\htdocs\admin.pquiz\ci\system\CodeIgniter.php(918): App\Controllers\Home->postquestionss()
#2 C:\xampp\htdocs\admin.pquiz\ci\system\CodeIgniter.php(404): CodeIgniter\CodeIgniter->runController(Object(App\Controllers\Home))
#3 C:\xampp\htdocs\admin.pquiz\ci\system\CodeIgniter.php(312): CodeIgniter\CodeIgniter->handleRequest(NULL, Object(Config\Cache), false)
#4 C:\xampp\htdocs\admin.pquiz\index.php(45): CodeIgniter\CodeIgniter->run()
#5 {main}
CRITICAL - 2022-09-28 00:55:26 --> Undefined variable: rows
#0 C:\xampp\htdocs\admin.pquiz\ci\app\Controllers\Home.php(375): CodeIgniter\Debug\Exceptions->errorHandler(8, 'Undefined varia...', 'C:\\xampp\\htdocs...', 375, Array)
#1 C:\xampp\htdocs\admin.pquiz\ci\app\Controllers\Home.php(261): App\Controllers\Home->reader('20220928/166434...')
#2 C:\xampp\htdocs\admin.pquiz\ci\system\CodeIgniter.php(918): App\Controllers\Home->postquestionss()
#3 C:\xampp\htdocs\admin.pquiz\ci\system\CodeIgniter.php(404): CodeIgniter\CodeIgniter->runController(Object(App\Controllers\Home))
#4 C:\xampp\htdocs\admin.pquiz\ci\system\CodeIgniter.php(312): CodeIgniter\CodeIgniter->handleRequest(NULL, Object(Config\Cache), false)
#5 C:\xampp\htdocs\admin.pquiz\index.php(45): CodeIgniter\CodeIgniter->run()
#6 {main}
CRITICAL - 2022-09-28 00:55:56 --> Undefined variable: rows
#0 C:\xampp\htdocs\admin.pquiz\ci\app\Controllers\Home.php(374): CodeIgniter\Debug\Exceptions->errorHandler(8, 'Undefined varia...', 'C:\\xampp\\htdocs...', 374, Array)
#1 C:\xampp\htdocs\admin.pquiz\ci\app\Controllers\Home.php(261): App\Controllers\Home->reader('20220928/166434...')
#2 C:\xampp\htdocs\admin.pquiz\ci\system\CodeIgniter.php(918): App\Controllers\Home->postquestionss()
#3 C:\xampp\htdocs\admin.pquiz\ci\system\CodeIgniter.php(404): CodeIgniter\CodeIgniter->runController(Object(App\Controllers\Home))
#4 C:\xampp\htdocs\admin.pquiz\ci\system\CodeIgniter.php(312): CodeIgniter\CodeIgniter->handleRequest(NULL, Object(Config\Cache), false)
#5 C:\xampp\htdocs\admin.pquiz\index.php(45): CodeIgniter\CodeIgniter->run()
#6 {main}
CRITICAL - 2022-09-28 01:01:43 --> Undefined variable: quest
#0 C:\xampp\htdocs\admin.pquiz\ci\app\Controllers\Home.php(303): CodeIgniter\Debug\Exceptions->errorHandler(8, 'Undefined varia...', 'C:\\xampp\\htdocs...', 303, Array)
#1 C:\xampp\htdocs\admin.pquiz\ci\system\CodeIgniter.php(918): App\Controllers\Home->postquestionss()
#2 C:\xampp\htdocs\admin.pquiz\ci\system\CodeIgniter.php(404): CodeIgniter\CodeIgniter->runController(Object(App\Controllers\Home))
#3 C:\xampp\htdocs\admin.pquiz\ci\system\CodeIgniter.php(312): CodeIgniter\CodeIgniter->handleRequest(NULL, Object(Config\Cache), false)
#4 C:\xampp\htdocs\admin.pquiz\index.php(45): CodeIgniter\CodeIgniter->run()
#5 {main}
CRITICAL - 2022-09-28 01:02:10 --> Undefined variable: quest
#0 C:\xampp\htdocs\admin.pquiz\ci\app\Controllers\Home.php(303): CodeIgniter\Debug\Exceptions->errorHandler(8, 'Undefined varia...', 'C:\\xampp\\htdocs...', 303, Array)
#1 C:\xampp\htdocs\admin.pquiz\ci\system\CodeIgniter.php(918): App\Controllers\Home->postquestionss()
#2 C:\xampp\htdocs\admin.pquiz\ci\system\CodeIgniter.php(404): CodeIgniter\CodeIgniter->runController(Object(App\Controllers\Home))
#3 C:\xampp\htdocs\admin.pquiz\ci\system\CodeIgniter.php(312): CodeIgniter\CodeIgniter->handleRequest(NULL, Object(Config\Cache), false)
#4 C:\xampp\htdocs\admin.pquiz\index.php(45): CodeIgniter\CodeIgniter->run()
#5 {main}
CRITICAL - 2022-09-28 01:02:29 --> Undefined variable: quest
#0 C:\xampp\htdocs\admin.pquiz\ci\app\Controllers\Home.php(303): CodeIgniter\Debug\Exceptions->errorHandler(8, 'Undefined varia...', 'C:\\xampp\\htdocs...', 303, Array)
#1 C:\xampp\htdocs\admin.pquiz\ci\system\CodeIgniter.php(918): App\Controllers\Home->postquestionss()
#2 C:\xampp\htdocs\admin.pquiz\ci\system\CodeIgniter.php(404): CodeIgniter\CodeIgniter->runController(Object(App\Controllers\Home))
#3 C:\xampp\htdocs\admin.pquiz\ci\system\CodeIgniter.php(312): CodeIgniter\CodeIgniter->handleRequest(NULL, Object(Config\Cache), false)
#4 C:\xampp\htdocs\admin.pquiz\index.php(45): CodeIgniter\CodeIgniter->run()
#5 {main}
CRITICAL - 2022-09-28 01:08:21 --> Undefined variable: quest
#0 C:\xampp\htdocs\admin.pquiz\ci\app\Controllers\Home.php(303): CodeIgniter\Debug\Exceptions->errorHandler(8, 'Undefined varia...', 'C:\\xampp\\htdocs...', 303, Array)
#1 C:\xampp\htdocs\admin.pquiz\ci\system\CodeIgniter.php(918): App\Controllers\Home->postquestionss()
#2 C:\xampp\htdocs\admin.pquiz\ci\system\CodeIgniter.php(404): CodeIgniter\CodeIgniter->runController(Object(App\Controllers\Home))
#3 C:\xampp\htdocs\admin.pquiz\ci\system\CodeIgniter.php(312): CodeIgniter\CodeIgniter->handleRequest(NULL, Object(Config\Cache), false)
#4 C:\xampp\htdocs\admin.pquiz\index.php(45): CodeIgniter\CodeIgniter->run()
#5 {main}
CRITICAL - 2022-09-28 01:09:59 --> Undefined variable: quest
#0 C:\xampp\htdocs\admin.pquiz\ci\app\Controllers\Home.php(303): CodeIgniter\Debug\Exceptions->errorHandler(8, 'Undefined varia...', 'C:\\xampp\\htdocs...', 303, Array)
#1 C:\xampp\htdocs\admin.pquiz\ci\system\CodeIgniter.php(918): App\Controllers\Home->postquestionss()
#2 C:\xampp\htdocs\admin.pquiz\ci\system\CodeIgniter.php(404): CodeIgniter\CodeIgniter->runController(Object(App\Controllers\Home))
#3 C:\xampp\htdocs\admin.pquiz\ci\system\CodeIgniter.php(312): CodeIgniter\CodeIgniter->handleRequest(NULL, Object(Config\Cache), false)
#4 C:\xampp\htdocs\admin.pquiz\index.php(45): CodeIgniter\CodeIgniter->run()
#5 {main}
CRITICAL - 2022-09-28 01:10:50 --> Undefined variable: quest
#0 C:\xampp\htdocs\admin.pquiz\ci\app\Controllers\Home.php(303): CodeIgniter\Debug\Exceptions->errorHandler(8, 'Undefined varia...', 'C:\\xampp\\htdocs...', 303, Array)
#1 C:\xampp\htdocs\admin.pquiz\ci\system\CodeIgniter.php(918): App\Controllers\Home->postquestionss()
#2 C:\xampp\htdocs\admin.pquiz\ci\system\CodeIgniter.php(404): CodeIgniter\CodeIgniter->runController(Object(App\Controllers\Home))
#3 C:\xampp\htdocs\admin.pquiz\ci\system\CodeIgniter.php(312): CodeIgniter\CodeIgniter->handleRequest(NULL, Object(Config\Cache), false)
#4 C:\xampp\htdocs\admin.pquiz\index.php(45): CodeIgniter\CodeIgniter->run()
#5 {main}
CRITICAL - 2022-09-28 01:12:54 --> Undefined variable: quest
#0 C:\xampp\htdocs\admin.pquiz\ci\app\Controllers\Home.php(303): CodeIgniter\Debug\Exceptions->errorHandler(8, 'Undefined varia...', 'C:\\xampp\\htdocs...', 303, Array)
#1 C:\xampp\htdocs\admin.pquiz\ci\system\CodeIgniter.php(918): App\Controllers\Home->postquestionss()
#2 C:\xampp\htdocs\admin.pquiz\ci\system\CodeIgniter.php(404): CodeIgniter\CodeIgniter->runController(Object(App\Controllers\Home))
#3 C:\xampp\htdocs\admin.pquiz\ci\system\CodeIgniter.php(312): CodeIgniter\CodeIgniter->handleRequest(NULL, Object(Config\Cache), false)
#4 C:\xampp\htdocs\admin.pquiz\index.php(45): CodeIgniter\CodeIgniter->run()
#5 {main}
CRITICAL - 2022-09-28 01:14:08 --> syntax error, unexpected 'else' (T_ELSE)
#0 C:\xampp\htdocs\admin.pquiz\ci\system\Autoloader\Autoloader.php(296): CodeIgniter\Autoloader\Autoloader->requireFile('C:\\xampp\\htdocs...')
#1 C:\xampp\htdocs\admin.pquiz\ci\system\Autoloader\Autoloader.php(258): CodeIgniter\Autoloader\Autoloader->loadInNamespace('App\\Controllers...')
#2 [internal function]: CodeIgniter\Autoloader\Autoloader->loadClass('App\\Controllers...')
#3 [internal function]: spl_autoload_call('App\\Controllers...')
#4 C:\xampp\htdocs\admin.pquiz\ci\system\CodeIgniter.php(869): class_exists('\\App\\Controller...', true)
#5 C:\xampp\htdocs\admin.pquiz\ci\system\CodeIgniter.php(394): CodeIgniter\CodeIgniter->startController()
#6 C:\xampp\htdocs\admin.pquiz\ci\system\CodeIgniter.php(312): CodeIgniter\CodeIgniter->handleRequest(NULL, Object(Config\Cache), false)
#7 C:\xampp\htdocs\admin.pquiz\index.php(45): CodeIgniter\CodeIgniter->run()
#8 {main}
