CRITICAL - 2022-10-26 02:08:50 --> Class 'BaseController' not found
#0 C:\xampp\htdocs\giftful\ci\system\Autoloader\Autoloader.php(365): require_once()
#1 C:\xampp\htdocs\giftful\ci\system\Autoloader\Autoloader.php(296): CodeIgniter\Autoloader\Autoloader->requireFile('C:\\xampp\\htdocs...')
#2 C:\xampp\htdocs\giftful\ci\system\Autoloader\Autoloader.php(258): CodeIgniter\Autoloader\Autoloader->loadInNamespace('App\\Controllers...')
#3 [internal function]: CodeIgniter\Autoloader\Autoloader->loadClass('App\\Controllers...')
#4 [internal function]: spl_autoload_call('App\\Controllers...')
#5 C:\xampp\htdocs\giftful\ci\system\CodeIgniter.php(869): class_exists('\\App\\Controller...', true)
#6 C:\xampp\htdocs\giftful\ci\system\CodeIgniter.php(394): CodeIgniter\CodeIgniter->startController()
#7 C:\xampp\htdocs\giftful\ci\system\CodeIgniter.php(312): CodeIgniter\CodeIgniter->handleRequest(NULL, Object(Config\Cache), false)
#8 C:\xampp\htdocs\giftful\index.php(45): CodeIgniter\CodeIgniter->run()
#9 {main}
CRITICAL - 2022-10-26 02:31:58 --> Unknown column 'key' in 'where clause'
#0 C:\xampp\htdocs\giftful\ci\system\Database\MySQLi\Connection.php(331): mysqli->query('SELECT *\nFROM `...')
#1 C:\xampp\htdocs\giftful\ci\system\Database\BaseConnection.php(741): CodeIgniter\Database\MySQLi\Connection->execute('SELECT *\nFROM `...')
#2 C:\xampp\htdocs\giftful\ci\system\Database\BaseConnection.php(669): CodeIgniter\Database\BaseConnection->simpleQuery('SELECT *\nFROM `...')
#3 C:\xampp\htdocs\giftful\ci\system\Database\BaseBuilder.php(1860): CodeIgniter\Database\BaseConnection->query('SELECT *\nFROM `...', Array, false)
#4 C:\xampp\htdocs\giftful\ci\system\Model.php(404): CodeIgniter\Database\BaseBuilder->get()
#5 C:\xampp\htdocs\giftful\ci\app\Controllers\Home.php(28): CodeIgniter\Model->find()
#6 C:\xampp\htdocs\giftful\ci\system\CodeIgniter.php(918): App\Controllers\Home->postlogin()
#7 C:\xampp\htdocs\giftful\ci\system\CodeIgniter.php(404): CodeIgniter\CodeIgniter->runController(Object(App\Controllers\Home))
#8 C:\xampp\htdocs\giftful\ci\system\CodeIgniter.php(312): CodeIgniter\CodeIgniter->handleRequest(NULL, Object(Config\Cache), false)
#9 C:\xampp\htdocs\giftful\index.php(45): CodeIgniter\CodeIgniter->run()
#10 {main}
CRITICAL - 2022-10-26 02:33:28 --> Unknown column 'key' in 'where clause'
#0 C:\xampp\htdocs\giftful\ci\system\Database\MySQLi\Connection.php(331): mysqli->query('SELECT *\nFROM `...')
#1 C:\xampp\htdocs\giftful\ci\system\Database\BaseConnection.php(741): CodeIgniter\Database\MySQLi\Connection->execute('SELECT *\nFROM `...')
#2 C:\xampp\htdocs\giftful\ci\system\Database\BaseConnection.php(669): CodeIgniter\Database\BaseConnection->simpleQuery('SELECT *\nFROM `...')
#3 C:\xampp\htdocs\giftful\ci\system\Database\BaseBuilder.php(1860): CodeIgniter\Database\BaseConnection->query('SELECT *\nFROM `...', Array, false)
#4 C:\xampp\htdocs\giftful\ci\system\Model.php(404): CodeIgniter\Database\BaseBuilder->get()
#5 C:\xampp\htdocs\giftful\ci\app\Controllers\Home.php(28): CodeIgniter\Model->find()
#6 C:\xampp\htdocs\giftful\ci\system\CodeIgniter.php(918): App\Controllers\Home->postlogin()
#7 C:\xampp\htdocs\giftful\ci\system\CodeIgniter.php(404): CodeIgniter\CodeIgniter->runController(Object(App\Controllers\Home))
#8 C:\xampp\htdocs\giftful\ci\system\CodeIgniter.php(312): CodeIgniter\CodeIgniter->handleRequest(NULL, Object(Config\Cache), false)
#9 C:\xampp\htdocs\giftful\index.php(45): CodeIgniter\CodeIgniter->run()
#10 {main}
CRITICAL - 2022-10-26 02:35:20 --> Unknown column 'key' in 'where clause'
#0 C:\xampp\htdocs\giftful\ci\system\Database\MySQLi\Connection.php(331): mysqli->query('SELECT *\nFROM `...')
#1 C:\xampp\htdocs\giftful\ci\system\Database\BaseConnection.php(741): CodeIgniter\Database\MySQLi\Connection->execute('SELECT *\nFROM `...')
#2 C:\xampp\htdocs\giftful\ci\system\Database\BaseConnection.php(669): CodeIgniter\Database\BaseConnection->simpleQuery('SELECT *\nFROM `...')
#3 C:\xampp\htdocs\giftful\ci\system\Database\BaseBuilder.php(1860): CodeIgniter\Database\BaseConnection->query('SELECT *\nFROM `...', Array, false)
#4 C:\xampp\htdocs\giftful\ci\system\Model.php(404): CodeIgniter\Database\BaseBuilder->get()
#5 C:\xampp\htdocs\giftful\ci\app\Controllers\Home.php(28): CodeIgniter\Model->find()
#6 C:\xampp\htdocs\giftful\ci\system\CodeIgniter.php(918): App\Controllers\Home->postlogin()
#7 C:\xampp\htdocs\giftful\ci\system\CodeIgniter.php(404): CodeIgniter\CodeIgniter->runController(Object(App\Controllers\Home))
#8 C:\xampp\htdocs\giftful\ci\system\CodeIgniter.php(312): CodeIgniter\CodeIgniter->handleRequest(NULL, Object(Config\Cache), false)
#9 C:\xampp\htdocs\giftful\index.php(45): CodeIgniter\CodeIgniter->run()
#10 {main}
CRITICAL - 2022-10-26 02:37:47 --> Unknown column 'key' in 'where clause'
#0 C:\xampp\htdocs\giftful\ci\system\Database\MySQLi\Connection.php(331): mysqli->query('SELECT *\nFROM `...')
#1 C:\xampp\htdocs\giftful\ci\system\Database\BaseConnection.php(741): CodeIgniter\Database\MySQLi\Connection->execute('SELECT *\nFROM `...')
#2 C:\xampp\htdocs\giftful\ci\system\Database\BaseConnection.php(669): CodeIgniter\Database\BaseConnection->simpleQuery('SELECT *\nFROM `...')
#3 C:\xampp\htdocs\giftful\ci\system\Database\BaseBuilder.php(1860): CodeIgniter\Database\BaseConnection->query('SELECT *\nFROM `...', Array, false)
#4 C:\xampp\htdocs\giftful\ci\system\Model.php(404): CodeIgniter\Database\BaseBuilder->get()
#5 C:\xampp\htdocs\giftful\ci\app\Controllers\Home.php(28): CodeIgniter\Model->find()
#6 C:\xampp\htdocs\giftful\ci\system\CodeIgniter.php(918): App\Controllers\Home->postlogin()
#7 C:\xampp\htdocs\giftful\ci\system\CodeIgniter.php(404): CodeIgniter\CodeIgniter->runController(Object(App\Controllers\Home))
#8 C:\xampp\htdocs\giftful\ci\system\CodeIgniter.php(312): CodeIgniter\CodeIgniter->handleRequest(NULL, Object(Config\Cache), false)
#9 C:\xampp\htdocs\giftful\index.php(45): CodeIgniter\CodeIgniter->run()
#10 {main}
CRITICAL - 2022-10-26 02:38:53 --> Unknown column 'ky' in 'where clause'
#0 C:\xampp\htdocs\giftful\ci\system\Database\MySQLi\Connection.php(331): mysqli->query('SELECT *\nFROM `...')
#1 C:\xampp\htdocs\giftful\ci\system\Database\BaseConnection.php(741): CodeIgniter\Database\MySQLi\Connection->execute('SELECT *\nFROM `...')
#2 C:\xampp\htdocs\giftful\ci\system\Database\BaseConnection.php(669): CodeIgniter\Database\BaseConnection->simpleQuery('SELECT *\nFROM `...')
#3 C:\xampp\htdocs\giftful\ci\system\Database\BaseBuilder.php(1860): CodeIgniter\Database\BaseConnection->query('SELECT *\nFROM `...', Array, false)
#4 C:\xampp\htdocs\giftful\ci\system\Model.php(404): CodeIgniter\Database\BaseBuilder->get()
#5 C:\xampp\htdocs\giftful\ci\app\Controllers\Home.php(28): CodeIgniter\Model->find()
#6 C:\xampp\htdocs\giftful\ci\system\CodeIgniter.php(918): App\Controllers\Home->postlogin()
#7 C:\xampp\htdocs\giftful\ci\system\CodeIgniter.php(404): CodeIgniter\CodeIgniter->runController(Object(App\Controllers\Home))
#8 C:\xampp\htdocs\giftful\ci\system\CodeIgniter.php(312): CodeIgniter\CodeIgniter->handleRequest(NULL, Object(Config\Cache), false)
#9 C:\xampp\htdocs\giftful\index.php(45): CodeIgniter\CodeIgniter->run()
#10 {main}
CRITICAL - 2022-10-26 02:39:44 --> Unknown column 'login' in 'where clause'
#0 C:\xampp\htdocs\giftful\ci\system\Database\MySQLi\Connection.php(331): mysqli->query('SELECT *\nFROM `...')
#1 C:\xampp\htdocs\giftful\ci\system\Database\BaseConnection.php(741): CodeIgniter\Database\MySQLi\Connection->execute('SELECT *\nFROM `...')
#2 C:\xampp\htdocs\giftful\ci\system\Database\BaseConnection.php(669): CodeIgniter\Database\BaseConnection->simpleQuery('SELECT *\nFROM `...')
#3 C:\xampp\htdocs\giftful\ci\system\Database\BaseBuilder.php(1860): CodeIgniter\Database\BaseConnection->query('SELECT *\nFROM `...', Array, false)
#4 C:\xampp\htdocs\giftful\ci\system\Model.php(404): CodeIgniter\Database\BaseBuilder->get()
#5 C:\xampp\htdocs\giftful\ci\app\Controllers\Home.php(28): CodeIgniter\Model->find()
#6 C:\xampp\htdocs\giftful\ci\system\CodeIgniter.php(918): App\Controllers\Home->postlogin()
#7 C:\xampp\htdocs\giftful\ci\system\CodeIgniter.php(404): CodeIgniter\CodeIgniter->runController(Object(App\Controllers\Home))
#8 C:\xampp\htdocs\giftful\ci\system\CodeIgniter.php(312): CodeIgniter\CodeIgniter->handleRequest(NULL, Object(Config\Cache), false)
#9 C:\xampp\htdocs\giftful\index.php(45): CodeIgniter\CodeIgniter->run()
#10 {main}
CRITICAL - 2022-10-26 02:40:13 --> Unknown column 'loginID' in 'where clause'
#0 C:\xampp\htdocs\giftful\ci\system\Database\MySQLi\Connection.php(331): mysqli->query('SELECT *\nFROM `...')
#1 C:\xampp\htdocs\giftful\ci\system\Database\BaseConnection.php(741): CodeIgniter\Database\MySQLi\Connection->execute('SELECT *\nFROM `...')
#2 C:\xampp\htdocs\giftful\ci\system\Database\BaseConnection.php(669): CodeIgniter\Database\BaseConnection->simpleQuery('SELECT *\nFROM `...')
#3 C:\xampp\htdocs\giftful\ci\system\Database\BaseBuilder.php(1860): CodeIgniter\Database\BaseConnection->query('SELECT *\nFROM `...', Array, false)
#4 C:\xampp\htdocs\giftful\ci\system\Model.php(404): CodeIgniter\Database\BaseBuilder->get()
#5 C:\xampp\htdocs\giftful\ci\app\Controllers\Home.php(28): CodeIgniter\Model->find()
#6 C:\xampp\htdocs\giftful\ci\system\CodeIgniter.php(918): App\Controllers\Home->postlogin()
#7 C:\xampp\htdocs\giftful\ci\system\CodeIgniter.php(404): CodeIgniter\CodeIgniter->runController(Object(App\Controllers\Home))
#8 C:\xampp\htdocs\giftful\ci\system\CodeIgniter.php(312): CodeIgniter\CodeIgniter->handleRequest(NULL, Object(Config\Cache), false)
#9 C:\xampp\htdocs\giftful\index.php(45): CodeIgniter\CodeIgniter->run()
#10 {main}
CRITICAL - 2022-10-26 02:40:41 --> Unable to connect to the database.
#0 C:\xampp\htdocs\giftful\ci\system\Database\BaseConnection.php(646): CodeIgniter\Database\BaseConnection->initialize()
#1 C:\xampp\htdocs\giftful\ci\system\Database\BaseBuilder.php(1860): CodeIgniter\Database\BaseConnection->query('SELECT *\nFROM `...', Array, false)
#2 C:\xampp\htdocs\giftful\ci\system\Model.php(404): CodeIgniter\Database\BaseBuilder->get()
#3 C:\xampp\htdocs\giftful\ci\app\Controllers\Home.php(28): CodeIgniter\Model->find()
#4 C:\xampp\htdocs\giftful\ci\system\CodeIgniter.php(918): App\Controllers\Home->postlogin()
#5 C:\xampp\htdocs\giftful\ci\system\CodeIgniter.php(404): CodeIgniter\CodeIgniter->runController(Object(App\Controllers\Home))
#6 C:\xampp\htdocs\giftful\ci\system\CodeIgniter.php(312): CodeIgniter\CodeIgniter->handleRequest(NULL, Object(Config\Cache), false)
#7 C:\xampp\htdocs\giftful\index.php(45): CodeIgniter\CodeIgniter->run()
#8 {main}
CRITICAL - 2022-10-26 02:41:14 --> Unable to connect to the database.
#0 C:\xampp\htdocs\giftful\ci\system\Database\BaseConnection.php(646): CodeIgniter\Database\BaseConnection->initialize()
#1 C:\xampp\htdocs\giftful\ci\system\Database\BaseBuilder.php(1860): CodeIgniter\Database\BaseConnection->query('SELECT *\nFROM `...', Array, false)
#2 C:\xampp\htdocs\giftful\ci\system\Model.php(404): CodeIgniter\Database\BaseBuilder->get()
#3 C:\xampp\htdocs\giftful\ci\app\Controllers\Home.php(28): CodeIgniter\Model->find()
#4 C:\xampp\htdocs\giftful\ci\system\CodeIgniter.php(918): App\Controllers\Home->postlogin()
#5 C:\xampp\htdocs\giftful\ci\system\CodeIgniter.php(404): CodeIgniter\CodeIgniter->runController(Object(App\Controllers\Home))
#6 C:\xampp\htdocs\giftful\ci\system\CodeIgniter.php(312): CodeIgniter\CodeIgniter->handleRequest(NULL, Object(Config\Cache), false)
#7 C:\xampp\htdocs\giftful\index.php(45): CodeIgniter\CodeIgniter->run()
#8 {main}
CRITICAL - 2022-10-26 02:59:59 --> SQLite3::query(): Unable to prepare statement: 1, no such column: key
#0 [internal function]: CodeIgniter\Debug\Exceptions->errorHandler(2, 'SQLite3::query(...', 'C:\\xampp\\htdocs...', 184, Array)
#1 C:\xampp\htdocs\giftful\ci\system\Database\SQLite3\Connection.php(184): SQLite3->query('SELECT *\nFROM `...')
#2 C:\xampp\htdocs\giftful\ci\system\Database\BaseConnection.php(741): CodeIgniter\Database\SQLite3\Connection->execute('SELECT *\nFROM `...')
#3 C:\xampp\htdocs\giftful\ci\system\Database\BaseConnection.php(669): CodeIgniter\Database\BaseConnection->simpleQuery('SELECT *\nFROM `...')
#4 C:\xampp\htdocs\giftful\ci\system\Database\BaseBuilder.php(1860): CodeIgniter\Database\BaseConnection->query('SELECT *\nFROM `...', Array, false)
#5 C:\xampp\htdocs\giftful\ci\system\Model.php(404): CodeIgniter\Database\BaseBuilder->get()
#6 C:\xampp\htdocs\giftful\ci\app\Controllers\Home.php(70): CodeIgniter\Model->find()
#7 C:\xampp\htdocs\giftful\ci\system\CodeIgniter.php(918): App\Controllers\Home->db()
#8 C:\xampp\htdocs\giftful\ci\system\CodeIgniter.php(404): CodeIgniter\CodeIgniter->runController(Object(App\Controllers\Home))
#9 C:\xampp\htdocs\giftful\ci\system\CodeIgniter.php(312): CodeIgniter\CodeIgniter->handleRequest(NULL, Object(Config\Cache), false)
#10 C:\xampp\htdocs\giftful\index.php(45): CodeIgniter\CodeIgniter->run()
#11 {main}
CRITICAL - 2022-10-26 03:00:10 --> Use of undefined constant bal - assumed 'bal' (this will throw an Error in a future version of PHP)
#0 C:\xampp\htdocs\giftful\ci\app\Views\oheader.php(18): CodeIgniter\Debug\Exceptions->errorHandler(2, 'Use of undefine...', 'C:\\xampp\\htdocs...', 18, Array)
#1 C:\xampp\htdocs\giftful\ci\system\View\View.php(246): include('C:\\xampp\\htdocs...')
#2 C:\xampp\htdocs\giftful\ci\system\Common.php(1119): CodeIgniter\View\View->render('oheader', Array, true)
#3 C:\xampp\htdocs\giftful\ci\app\Controllers\Home.php(70): view('oheader', Array)
#4 C:\xampp\htdocs\giftful\ci\system\CodeIgniter.php(918): App\Controllers\Home->db()
#5 C:\xampp\htdocs\giftful\ci\system\CodeIgniter.php(404): CodeIgniter\CodeIgniter->runController(Object(App\Controllers\Home))
#6 C:\xampp\htdocs\giftful\ci\system\CodeIgniter.php(312): CodeIgniter\CodeIgniter->handleRequest(NULL, Object(Config\Cache), false)
#7 C:\xampp\htdocs\giftful\index.php(45): CodeIgniter\CodeIgniter->run()
#8 {main}
CRITICAL - 2022-10-26 03:42:37 --> syntax error, unexpected '`'
#0 C:\xampp\htdocs\giftful\ci\system\Autoloader\Autoloader.php(296): CodeIgniter\Autoloader\Autoloader->requireFile('C:\\xampp\\htdocs...')
#1 C:\xampp\htdocs\giftful\ci\system\Autoloader\Autoloader.php(258): CodeIgniter\Autoloader\Autoloader->loadInNamespace('App\\Controllers...')
#2 [internal function]: CodeIgniter\Autoloader\Autoloader->loadClass('App\\Controllers...')
#3 [internal function]: spl_autoload_call('App\\Controllers...')
#4 C:\xampp\htdocs\giftful\ci\system\CodeIgniter.php(869): class_exists('\\App\\Controller...', true)
#5 C:\xampp\htdocs\giftful\ci\system\CodeIgniter.php(394): CodeIgniter\CodeIgniter->startController()
#6 C:\xampp\htdocs\giftful\ci\system\CodeIgniter.php(312): CodeIgniter\CodeIgniter->handleRequest(NULL, Object(Config\Cache), false)
#7 C:\xampp\htdocs\giftful\index.php(45): CodeIgniter\CodeIgniter->run()
#8 {main}
CRITICAL - 2022-10-26 03:43:17 --> syntax error, unexpected '`'
#0 C:\xampp\htdocs\giftful\ci\system\Autoloader\Autoloader.php(296): CodeIgniter\Autoloader\Autoloader->requireFile('C:\\xampp\\htdocs...')
#1 C:\xampp\htdocs\giftful\ci\system\Autoloader\Autoloader.php(258): CodeIgniter\Autoloader\Autoloader->loadInNamespace('App\\Controllers...')
#2 [internal function]: CodeIgniter\Autoloader\Autoloader->loadClass('App\\Controllers...')
#3 [internal function]: spl_autoload_call('App\\Controllers...')
#4 C:\xampp\htdocs\giftful\ci\system\CodeIgniter.php(869): class_exists('\\App\\Controller...', true)
#5 C:\xampp\htdocs\giftful\ci\system\CodeIgniter.php(394): CodeIgniter\CodeIgniter->startController()
#6 C:\xampp\htdocs\giftful\ci\system\CodeIgniter.php(312): CodeIgniter\CodeIgniter->handleRequest(NULL, Object(Config\Cache), false)
#7 C:\xampp\htdocs\giftful\index.php(45): CodeIgniter\CodeIgniter->run()
#8 {main}
CRITICAL - 2022-10-26 03:43:33 --> syntax error, unexpected '}'
#0 C:\xampp\htdocs\giftful\ci\system\Autoloader\Autoloader.php(296): CodeIgniter\Autoloader\Autoloader->requireFile('C:\\xampp\\htdocs...')
#1 C:\xampp\htdocs\giftful\ci\system\Autoloader\Autoloader.php(258): CodeIgniter\Autoloader\Autoloader->loadInNamespace('App\\Controllers...')
#2 [internal function]: CodeIgniter\Autoloader\Autoloader->loadClass('App\\Controllers...')
#3 [internal function]: spl_autoload_call('App\\Controllers...')
#4 C:\xampp\htdocs\giftful\ci\system\CodeIgniter.php(869): class_exists('\\App\\Controller...', true)
#5 C:\xampp\htdocs\giftful\ci\system\CodeIgniter.php(394): CodeIgniter\CodeIgniter->startController()
#6 C:\xampp\htdocs\giftful\ci\system\CodeIgniter.php(312): CodeIgniter\CodeIgniter->handleRequest(NULL, Object(Config\Cache), false)
#7 C:\xampp\htdocs\giftful\index.php(45): CodeIgniter\CodeIgniter->run()
#8 {main}
CRITICAL - 2022-10-26 03:56:57 --> 6 : Could not resolve host: www.nellobytesystems.com
#0 C:\xampp\htdocs\giftful\ci\system\HTTP\CURLRequest.php(821): CodeIgniter\HTTP\Exceptions\HTTPException::forCurlError('6', 'Could not resol...')
#1 C:\xampp\htdocs\giftful\ci\system\HTTP\CURLRequest.php(449): CodeIgniter\HTTP\CURLRequest->sendRequest(Array)
#2 C:\xampp\htdocs\giftful\ci\system\HTTP\CURLRequest.php(158): CodeIgniter\HTTP\CURLRequest->send('GET', 'https://www.nel...')
#3 C:\xampp\htdocs\giftful\ci\app\Controllers\Home.php(72): CodeIgniter\HTTP\CURLRequest->request('GET', 'https://www.nel...')
#4 C:\xampp\htdocs\giftful\ci\system\CodeIgniter.php(918): App\Controllers\Home->db()
#5 C:\xampp\htdocs\giftful\ci\system\CodeIgniter.php(404): CodeIgniter\CodeIgniter->runController(Object(App\Controllers\Home))
#6 C:\xampp\htdocs\giftful\ci\system\CodeIgniter.php(312): CodeIgniter\CodeIgniter->handleRequest(NULL, Object(Config\Cache), false)
#7 C:\xampp\htdocs\giftful\index.php(45): CodeIgniter\CodeIgniter->run()
#8 {main}
CRITICAL - 2022-10-26 06:39:34 --> Too few arguments to function App\Controllers\Home::login(), 0 passed in C:\xampp\htdocs\giftful\ci\app\Controllers\Home.php on line 129 and exactly 1 expected
#0 C:\xampp\htdocs\giftful\ci\app\Controllers\Home.php(129): App\Controllers\Home->login()
#1 C:\xampp\htdocs\giftful\ci\system\CodeIgniter.php(918): App\Controllers\Home->db()
#2 C:\xampp\htdocs\giftful\ci\system\CodeIgniter.php(404): CodeIgniter\CodeIgniter->runController(Object(App\Controllers\Home))
#3 C:\xampp\htdocs\giftful\ci\system\CodeIgniter.php(312): CodeIgniter\CodeIgniter->handleRequest(NULL, Object(Config\Cache), false)
#4 C:\xampp\htdocs\giftful\index.php(45): CodeIgniter\CodeIgniter->run()
#5 {main}
CRITICAL - 2022-10-26 06:40:34 --> Undefined variable: gloPlans
#0 C:\xampp\htdocs\giftful\ci\app\Controllers\Home.php(123): CodeIgniter\Debug\Exceptions->errorHandler(8, 'Undefined varia...', 'C:\\xampp\\htdocs...', 123, Array)
#1 C:\xampp\htdocs\giftful\ci\system\CodeIgniter.php(918): App\Controllers\Home->db()
#2 C:\xampp\htdocs\giftful\ci\system\CodeIgniter.php(404): CodeIgniter\CodeIgniter->runController(Object(App\Controllers\Home))
#3 C:\xampp\htdocs\giftful\ci\system\CodeIgniter.php(312): CodeIgniter\CodeIgniter->handleRequest(NULL, Object(Config\Cache), false)
#4 C:\xampp\htdocs\giftful\index.php(45): CodeIgniter\CodeIgniter->run()
#5 {main}
CRITICAL - 2022-10-26 06:45:26 --> syntax error, unexpected '9' (T_LNUMBER), expecting identifier (T_STRING) or variable (T_VARIABLE) or '{' or '$'
#0 C:\xampp\htdocs\giftful\ci\system\Autoloader\Autoloader.php(296): CodeIgniter\Autoloader\Autoloader->requireFile('C:\\xampp\\htdocs...')
#1 C:\xampp\htdocs\giftful\ci\system\Autoloader\Autoloader.php(258): CodeIgniter\Autoloader\Autoloader->loadInNamespace('App\\Controllers...')
#2 [internal function]: CodeIgniter\Autoloader\Autoloader->loadClass('App\\Controllers...')
#3 [internal function]: spl_autoload_call('App\\Controllers...')
#4 C:\xampp\htdocs\giftful\ci\system\CodeIgniter.php(869): class_exists('\\App\\Controller...', true)
#5 C:\xampp\htdocs\giftful\ci\system\CodeIgniter.php(394): CodeIgniter\CodeIgniter->startController()
#6 C:\xampp\htdocs\giftful\ci\system\CodeIgniter.php(312): CodeIgniter\CodeIgniter->handleRequest(NULL, Object(Config\Cache), false)
#7 C:\xampp\htdocs\giftful\index.php(45): CodeIgniter\CodeIgniter->run()
#8 {main}
CRITICAL - 2022-10-26 06:45:52 --> syntax error, unexpected '`', expecting identifier (T_STRING) or variable (T_VARIABLE) or '{' or '$'
#0 C:\xampp\htdocs\giftful\ci\system\Autoloader\Autoloader.php(296): CodeIgniter\Autoloader\Autoloader->requireFile('C:\\xampp\\htdocs...')
#1 C:\xampp\htdocs\giftful\ci\system\Autoloader\Autoloader.php(258): CodeIgniter\Autoloader\Autoloader->loadInNamespace('App\\Controllers...')
#2 [internal function]: CodeIgniter\Autoloader\Autoloader->loadClass('App\\Controllers...')
#3 [internal function]: spl_autoload_call('App\\Controllers...')
#4 C:\xampp\htdocs\giftful\ci\system\CodeIgniter.php(869): class_exists('\\App\\Controller...', true)
#5 C:\xampp\htdocs\giftful\ci\system\CodeIgniter.php(394): CodeIgniter\CodeIgniter->startController()
#6 C:\xampp\htdocs\giftful\ci\system\CodeIgniter.php(312): CodeIgniter\CodeIgniter->handleRequest(NULL, Object(Config\Cache), false)
#7 C:\xampp\htdocs\giftful\index.php(45): CodeIgniter\CodeIgniter->run()
#8 {main}
CRITICAL - 2022-10-26 07:41:59 --> 35 : OpenSSL SSL_connect: Connection was reset in connection to www.nellobytesystems.com:443 
#0 C:\xampp\htdocs\giftful\ci\system\HTTP\CURLRequest.php(821): CodeIgniter\HTTP\Exceptions\HTTPException::forCurlError('35', 'OpenSSL SSL_con...')
#1 C:\xampp\htdocs\giftful\ci\system\HTTP\CURLRequest.php(449): CodeIgniter\HTTP\CURLRequest->sendRequest(Array)
#2 C:\xampp\htdocs\giftful\ci\system\HTTP\CURLRequest.php(158): CodeIgniter\HTTP\CURLRequest->send('GET', 'https://www.nel...')
#3 C:\xampp\htdocs\giftful\ci\app\Controllers\Home.php(72): CodeIgniter\HTTP\CURLRequest->request('GET', 'https://www.nel...')
#4 C:\xampp\htdocs\giftful\ci\system\CodeIgniter.php(918): App\Controllers\Home->db()
#5 C:\xampp\htdocs\giftful\ci\system\CodeIgniter.php(404): CodeIgniter\CodeIgniter->runController(Object(App\Controllers\Home))
#6 C:\xampp\htdocs\giftful\ci\system\CodeIgniter.php(312): CodeIgniter\CodeIgniter->handleRequest(NULL, Object(Config\Cache), false)
#7 C:\xampp\htdocs\giftful\index.php(45): CodeIgniter\CodeIgniter->run()
#8 {main}
CRITICAL - 2022-10-26 07:59:28 --> syntax error, unexpected '"`)'>' (T_CONSTANT_ENCAPSED_STRING)
#0 C:\xampp\htdocs\giftful\ci\system\Autoloader\Autoloader.php(296): CodeIgniter\Autoloader\Autoloader->requireFile('C:\\xampp\\htdocs...')
#1 C:\xampp\htdocs\giftful\ci\system\Autoloader\Autoloader.php(258): CodeIgniter\Autoloader\Autoloader->loadInNamespace('App\\Controllers...')
#2 [internal function]: CodeIgniter\Autoloader\Autoloader->loadClass('App\\Controllers...')
#3 [internal function]: spl_autoload_call('App\\Controllers...')
#4 C:\xampp\htdocs\giftful\ci\system\CodeIgniter.php(869): class_exists('\\App\\Controller...', true)
#5 C:\xampp\htdocs\giftful\ci\system\CodeIgniter.php(394): CodeIgniter\CodeIgniter->startController()
#6 C:\xampp\htdocs\giftful\ci\system\CodeIgniter.php(312): CodeIgniter\CodeIgniter->handleRequest(NULL, Object(Config\Cache), false)
#7 C:\xampp\htdocs\giftful\index.php(45): CodeIgniter\CodeIgniter->run()
#8 {main}
CRITICAL - 2022-10-26 08:09:50 --> Undefined variable: session
#0 C:\xampp\htdocs\giftful\ci\app\Controllers\Home.php(226): CodeIgniter\Debug\Exceptions->errorHandler(8, 'Undefined varia...', 'C:\\xampp\\htdocs...', 226, Array)
#1 C:\xampp\htdocs\giftful\ci\app\Controllers\Home.php(211): App\Controllers\Home->msg('Insufficient Ba...')
#2 C:\xampp\htdocs\giftful\ci\system\CodeIgniter.php(918): App\Controllers\Home->buyData()
#3 C:\xampp\htdocs\giftful\ci\system\CodeIgniter.php(404): CodeIgniter\CodeIgniter->runController(Object(App\Controllers\Home))
#4 C:\xampp\htdocs\giftful\ci\system\CodeIgniter.php(312): CodeIgniter\CodeIgniter->handleRequest(NULL, Object(Config\Cache), false)
#5 C:\xampp\htdocs\giftful\index.php(45): CodeIgniter\CodeIgniter->run()
#6 {main}
CRITICAL - 2022-10-26 08:30:24 --> syntax error, unexpected '}', expecting end of file
#0 C:\xampp\htdocs\giftful\ci\system\Autoloader\Autoloader.php(296): CodeIgniter\Autoloader\Autoloader->requireFile('C:\\xampp\\htdocs...')
#1 C:\xampp\htdocs\giftful\ci\system\Autoloader\Autoloader.php(258): CodeIgniter\Autoloader\Autoloader->loadInNamespace('App\\Controllers...')
#2 [internal function]: CodeIgniter\Autoloader\Autoloader->loadClass('App\\Controllers...')
#3 [internal function]: spl_autoload_call('App\\Controllers...')
#4 C:\xampp\htdocs\giftful\ci\system\CodeIgniter.php(869): class_exists('\\App\\Controller...', true)
#5 C:\xampp\htdocs\giftful\ci\system\CodeIgniter.php(394): CodeIgniter\CodeIgniter->startController()
#6 C:\xampp\htdocs\giftful\ci\system\CodeIgniter.php(312): CodeIgniter\CodeIgniter->handleRequest(NULL, Object(Config\Cache), false)
#7 C:\xampp\htdocs\giftful\index.php(45): CodeIgniter\CodeIgniter->run()
#8 {main}
CRITICAL - 2022-10-26 08:32:18 --> Call to undefined method App\Controllers\Home::balance()
#0 C:\xampp\htdocs\giftful\ci\system\CodeIgniter.php(918): App\Controllers\Home->poga()
#1 C:\xampp\htdocs\giftful\ci\system\CodeIgniter.php(404): CodeIgniter\CodeIgniter->runController(Object(App\Controllers\Home))
#2 C:\xampp\htdocs\giftful\ci\system\CodeIgniter.php(312): CodeIgniter\CodeIgniter->handleRequest(NULL, Object(Config\Cache), false)
#3 C:\xampp\htdocs\giftful\index.php(45): CodeIgniter\CodeIgniter->run()
#4 {main}
CRITICAL - 2022-10-26 08:51:59 --> 6 : Could not resolve host: www.nellobytesystems.com
#0 C:\xampp\htdocs\giftful\ci\system\HTTP\CURLRequest.php(821): CodeIgniter\HTTP\Exceptions\HTTPException::forCurlError('6', 'Could not resol...')
#1 C:\xampp\htdocs\giftful\ci\system\HTTP\CURLRequest.php(449): CodeIgniter\HTTP\CURLRequest->sendRequest(Array)
#2 C:\xampp\htdocs\giftful\ci\system\HTTP\CURLRequest.php(158): CodeIgniter\HTTP\CURLRequest->send('GET', 'https://www.nel...')
#3 C:\xampp\htdocs\giftful\ci\app\Controllers\Home.php(66): CodeIgniter\HTTP\CURLRequest->request('GET', 'https://www.nel...')
#4 C:\xampp\htdocs\giftful\ci\app\Controllers\Home.php(698): App\Controllers\Home->api('https://www.nel...')
#5 C:\xampp\htdocs\giftful\ci\system\CodeIgniter.php(918): App\Controllers\Home->poga()
#6 C:\xampp\htdocs\giftful\ci\system\CodeIgniter.php(404): CodeIgniter\CodeIgniter->runController(Object(App\Controllers\Home))
#7 C:\xampp\htdocs\giftful\ci\system\CodeIgniter.php(312): CodeIgniter\CodeIgniter->handleRequest(NULL, Object(Config\Cache), false)
#8 C:\xampp\htdocs\giftful\index.php(45): CodeIgniter\CodeIgniter->run()
#9 {main}
CRITICAL - 2022-10-26 08:54:56 --> 6 : Could not resolve host: www.nellobytesystems.com
#0 C:\xampp\htdocs\giftful\ci\system\HTTP\CURLRequest.php(821): CodeIgniter\HTTP\Exceptions\HTTPException::forCurlError('6', 'Could not resol...')
#1 C:\xampp\htdocs\giftful\ci\system\HTTP\CURLRequest.php(449): CodeIgniter\HTTP\CURLRequest->sendRequest(Array)
#2 C:\xampp\htdocs\giftful\ci\system\HTTP\CURLRequest.php(158): CodeIgniter\HTTP\CURLRequest->send('GET', 'https://www.nel...')
#3 C:\xampp\htdocs\giftful\ci\app\Controllers\Home.php(66): CodeIgniter\HTTP\CURLRequest->request('GET', 'https://www.nel...')
#4 C:\xampp\htdocs\giftful\ci\app\Controllers\Home.php(698): App\Controllers\Home->api('https://www.nel...')
#5 C:\xampp\htdocs\giftful\ci\system\CodeIgniter.php(918): App\Controllers\Home->poga()
#6 C:\xampp\htdocs\giftful\ci\system\CodeIgniter.php(404): CodeIgniter\CodeIgniter->runController(Object(App\Controllers\Home))
#7 C:\xampp\htdocs\giftful\ci\system\CodeIgniter.php(312): CodeIgniter\CodeIgniter->handleRequest(NULL, Object(Config\Cache), false)
#8 C:\xampp\htdocs\giftful\index.php(45): CodeIgniter\CodeIgniter->run()
#9 {main}
CRITICAL - 2022-10-26 08:55:02 --> 6 : Could not resolve host: www.nellobytesystems.com
#0 C:\xampp\htdocs\giftful\ci\system\HTTP\CURLRequest.php(821): CodeIgniter\HTTP\Exceptions\HTTPException::forCurlError('6', 'Could not resol...')
#1 C:\xampp\htdocs\giftful\ci\system\HTTP\CURLRequest.php(449): CodeIgniter\HTTP\CURLRequest->sendRequest(Array)
#2 C:\xampp\htdocs\giftful\ci\system\HTTP\CURLRequest.php(158): CodeIgniter\HTTP\CURLRequest->send('GET', 'https://www.nel...')
#3 C:\xampp\htdocs\giftful\ci\app\Controllers\Home.php(66): CodeIgniter\HTTP\CURLRequest->request('GET', 'https://www.nel...')
#4 C:\xampp\htdocs\giftful\ci\app\Controllers\Home.php(698): App\Controllers\Home->api('https://www.nel...')
#5 C:\xampp\htdocs\giftful\ci\system\CodeIgniter.php(918): App\Controllers\Home->poga()
#6 C:\xampp\htdocs\giftful\ci\system\CodeIgniter.php(404): CodeIgniter\CodeIgniter->runController(Object(App\Controllers\Home))
#7 C:\xampp\htdocs\giftful\ci\system\CodeIgniter.php(312): CodeIgniter\CodeIgniter->handleRequest(NULL, Object(Config\Cache), false)
#8 C:\xampp\htdocs\giftful\index.php(45): CodeIgniter\CodeIgniter->run()
#9 {main}
CRITICAL - 2022-10-26 09:07:40 --> SQLite3::exec(): table pins has no column named owner
#0 [internal function]: CodeIgniter\Debug\Exceptions->errorHandler(2, 'SQLite3::exec()...', 'C:\\xampp\\htdocs...', 183, Array)
#1 C:\xampp\htdocs\giftful\ci\system\Database\SQLite3\Connection.php(183): SQLite3->exec('INSERT INTO `pi...')
#2 C:\xampp\htdocs\giftful\ci\system\Database\BaseConnection.php(741): CodeIgniter\Database\SQLite3\Connection->execute('INSERT INTO `pi...')
#3 C:\xampp\htdocs\giftful\ci\system\Database\BaseConnection.php(669): CodeIgniter\Database\BaseConnection->simpleQuery('INSERT INTO `pi...')
#4 C:\xampp\htdocs\giftful\ci\system\Database\BaseBuilder.php(2091): CodeIgniter\Database\BaseConnection->query('INSERT INTO `pi...', Array, false)
#5 C:\xampp\htdocs\giftful\ci\system\Model.php(801): CodeIgniter\Database\BaseBuilder->insertBatch(Array, NULL, 100)
#6 C:\xampp\htdocs\giftful\ci\app\Controllers\Home.php(742): CodeIgniter\Model->insertBatch(Array)
#7 C:\xampp\htdocs\giftful\ci\system\CodeIgniter.php(918): App\Controllers\Home->genpin()
#8 C:\xampp\htdocs\giftful\ci\system\CodeIgniter.php(404): CodeIgniter\CodeIgniter->runController(Object(App\Controllers\Home))
#9 C:\xampp\htdocs\giftful\ci\system\CodeIgniter.php(312): CodeIgniter\CodeIgniter->handleRequest(NULL, Object(Config\Cache), false)
#10 C:\xampp\htdocs\giftful\index.php(45): CodeIgniter\CodeIgniter->run()
#11 {main}
CRITICAL - 2022-10-26 09:08:04 --> Call to undefined function plan()
#0 C:\xampp\htdocs\giftful\ci\system\View\View.php(246): include()
#1 C:\xampp\htdocs\giftful\ci\system\Common.php(1119): CodeIgniter\View\View->render('generatedpins', Array, true)
#2 C:\xampp\htdocs\giftful\ci\app\Controllers\Home.php(748): view('generatedpins', Array)
#3 C:\xampp\htdocs\giftful\ci\system\CodeIgniter.php(918): App\Controllers\Home->genpin()
#4 C:\xampp\htdocs\giftful\ci\system\CodeIgniter.php(404): CodeIgniter\CodeIgniter->runController(Object(App\Controllers\Home))
#5 C:\xampp\htdocs\giftful\ci\system\CodeIgniter.php(312): CodeIgniter\CodeIgniter->handleRequest(NULL, Object(Config\Cache), false)
#6 C:\xampp\htdocs\giftful\index.php(45): CodeIgniter\CodeIgniter->run()
#7 {main}
CRITICAL - 2022-10-26 11:32:59 --> SQLite3::exec(): NOT NULL constraint failed: users.id
#0 [internal function]: CodeIgniter\Debug\Exceptions->errorHandler(2, 'SQLite3::exec()...', 'C:\\xampp\\htdocs...', 183, Array)
#1 C:\xampp\htdocs\giftful\ci\system\Database\SQLite3\Connection.php(183): SQLite3->exec('INSERT INTO `us...')
#2 C:\xampp\htdocs\giftful\ci\system\Database\BaseConnection.php(741): CodeIgniter\Database\SQLite3\Connection->execute('INSERT INTO `us...')
#3 C:\xampp\htdocs\giftful\ci\system\Database\BaseConnection.php(669): CodeIgniter\Database\BaseConnection->simpleQuery('INSERT INTO `us...')
#4 C:\xampp\htdocs\giftful\ci\system\Database\BaseBuilder.php(2249): CodeIgniter\Database\BaseConnection->query('INSERT INTO `us...', Array, false)
#5 C:\xampp\htdocs\giftful\ci\system\Model.php(755): CodeIgniter\Database\BaseBuilder->insert()
#6 C:\xampp\htdocs\giftful\ci\app\Controllers\Home.php(55): CodeIgniter\Model->insert(Array)
#7 C:\xampp\htdocs\giftful\ci\system\CodeIgniter.php(918): App\Controllers\Home->postregister()
#8 C:\xampp\htdocs\giftful\ci\system\CodeIgniter.php(404): CodeIgniter\CodeIgniter->runController(Object(App\Controllers\Home))
#9 C:\xampp\htdocs\giftful\ci\system\CodeIgniter.php(312): CodeIgniter\CodeIgniter->handleRequest(NULL, Object(Config\Cache), false)
#10 C:\xampp\htdocs\giftful\index.php(45): CodeIgniter\CodeIgniter->run()
#11 {main}
CRITICAL - 2022-10-26 11:35:48 --> SQLite3::exec(): NOT NULL constraint failed: users.id
#0 [internal function]: CodeIgniter\Debug\Exceptions->errorHandler(2, 'SQLite3::exec()...', 'C:\\xampp\\htdocs...', 183, Array)
#1 C:\xampp\htdocs\giftful\ci\system\Database\SQLite3\Connection.php(183): SQLite3->exec('INSERT INTO `us...')
#2 C:\xampp\htdocs\giftful\ci\system\Database\BaseConnection.php(741): CodeIgniter\Database\SQLite3\Connection->execute('INSERT INTO `us...')
#3 C:\xampp\htdocs\giftful\ci\system\Database\BaseConnection.php(669): CodeIgniter\Database\BaseConnection->simpleQuery('INSERT INTO `us...')
#4 C:\xampp\htdocs\giftful\ci\system\Database\BaseBuilder.php(2249): CodeIgniter\Database\BaseConnection->query('INSERT INTO `us...', Array, false)
#5 C:\xampp\htdocs\giftful\ci\system\Model.php(755): CodeIgniter\Database\BaseBuilder->insert()
#6 C:\xampp\htdocs\giftful\ci\app\Controllers\Home.php(55): CodeIgniter\Model->insert(Array)
#7 C:\xampp\htdocs\giftful\ci\system\CodeIgniter.php(918): App\Controllers\Home->postregister()
#8 C:\xampp\htdocs\giftful\ci\system\CodeIgniter.php(404): CodeIgniter\CodeIgniter->runController(Object(App\Controllers\Home))
#9 C:\xampp\htdocs\giftful\ci\system\CodeIgniter.php(312): CodeIgniter\CodeIgniter->handleRequest(NULL, Object(Config\Cache), false)
#10 C:\xampp\htdocs\giftful\index.php(45): CodeIgniter\CodeIgniter->run()
#11 {main}
