CRITICAL - 2022-10-30 07:08:57 --> 6 : Could not resolve host: www.nellobytesystems.com
#0 C:\xampp\htdocs\giftful\ci\system\HTTP\CURLRequest.php(821): CodeIgniter\HTTP\Exceptions\HTTPException::forCurlError('6', 'Could not resol...')
#1 C:\xampp\htdocs\giftful\ci\system\HTTP\CURLRequest.php(449): CodeIgniter\HTTP\CURLRequest->sendRequest(Array)
#2 C:\xampp\htdocs\giftful\ci\system\HTTP\CURLRequest.php(158): CodeIgniter\HTTP\CURLRequest->send('GET', 'https://www.nel...')
#3 C:\xampp\htdocs\giftful\ci\app\Controllers\Home.php(85): CodeIgniter\HTTP\CURLRequest->request('GET', 'https://www.nel...')
#4 C:\xampp\htdocs\giftful\ci\app\Controllers\Home.php(97): App\Controllers\Home->api('https://www.nel...')
#5 C:\xampp\htdocs\giftful\ci\system\CodeIgniter.php(918): App\Controllers\Home->db()
#6 C:\xampp\htdocs\giftful\ci\system\CodeIgniter.php(404): CodeIgniter\CodeIgniter->runController(Object(App\Controllers\Home))
#7 C:\xampp\htdocs\giftful\ci\system\CodeIgniter.php(312): CodeIgniter\CodeIgniter->handleRequest(NULL, Object(Config\Cache), false)
#8 C:\xampp\htdocs\giftful\index.php(45): CodeIgniter\CodeIgniter->run()
#9 {main}
CRITICAL - 2022-10-30 07:34:05 --> syntax error, unexpected '}'
#0 C:\xampp\htdocs\giftful\ci\system\Autoloader\Autoloader.php(296): CodeIgniter\Autoloader\Autoloader->requireFile('C:\\xampp\\htdocs...')
#1 C:\xampp\htdocs\giftful\ci\system\Autoloader\Autoloader.php(258): CodeIgniter\Autoloader\Autoloader->loadInNamespace('App\\Controllers...')
#2 [internal function]: CodeIgniter\Autoloader\Autoloader->loadClass('App\\Controllers...')
#3 [internal function]: spl_autoload_call('App\\Controllers...')
#4 C:\xampp\htdocs\giftful\ci\system\CodeIgniter.php(869): class_exists('\\App\\Controller...', true)
#5 C:\xampp\htdocs\giftful\ci\system\CodeIgniter.php(394): CodeIgniter\CodeIgniter->startController()
#6 C:\xampp\htdocs\giftful\ci\system\CodeIgniter.php(312): CodeIgniter\CodeIgniter->handleRequest(NULL, Object(Config\Cache), false)
#7 C:\xampp\htdocs\giftful\index.php(45): CodeIgniter\CodeIgniter->run()
#8 {main}
CRITICAL - 2022-10-30 07:44:56 --> 56 : OpenSSL SSL_read: Connection was reset, errno 10054
#0 C:\xampp\htdocs\giftful\ci\system\HTTP\CURLRequest.php(821): CodeIgniter\HTTP\Exceptions\HTTPException::forCurlError('56', 'OpenSSL SSL_rea...')
#1 C:\xampp\htdocs\giftful\ci\system\HTTP\CURLRequest.php(449): CodeIgniter\HTTP\CURLRequest->sendRequest(Array)
#2 C:\xampp\htdocs\giftful\ci\system\HTTP\CURLRequest.php(158): CodeIgniter\HTTP\CURLRequest->send('GET', 'https://www.nel...')
#3 C:\xampp\htdocs\giftful\ci\app\Controllers\Home.php(85): CodeIgniter\HTTP\CURLRequest->request('GET', 'https://www.nel...')
#4 C:\xampp\htdocs\giftful\ci\app\Controllers\Home.php(633): App\Controllers\Home->api('https://www.nel...')
#5 C:\xampp\htdocs\giftful\ci\system\CodeIgniter.php(918): App\Controllers\Home->poga()
#6 C:\xampp\htdocs\giftful\ci\system\CodeIgniter.php(404): CodeIgniter\CodeIgniter->runController(Object(App\Controllers\Home))
#7 C:\xampp\htdocs\giftful\ci\system\CodeIgniter.php(312): CodeIgniter\CodeIgniter->handleRequest(NULL, Object(Config\Cache), false)
#8 C:\xampp\htdocs\giftful\index.php(45): CodeIgniter\CodeIgniter->run()
#9 {main}
CRITICAL - 2022-10-30 07:46:57 --> 28 : Failed to connect to www.nellobytesystems.com port 443: Timed out
#0 C:\xampp\htdocs\giftful\ci\system\HTTP\CURLRequest.php(821): CodeIgniter\HTTP\Exceptions\HTTPException::forCurlError('28', 'Failed to conne...')
#1 C:\xampp\htdocs\giftful\ci\system\HTTP\CURLRequest.php(449): CodeIgniter\HTTP\CURLRequest->sendRequest(Array)
#2 C:\xampp\htdocs\giftful\ci\system\HTTP\CURLRequest.php(158): CodeIgniter\HTTP\CURLRequest->send('GET', 'https://www.nel...')
#3 C:\xampp\htdocs\giftful\ci\app\Controllers\Home.php(85): CodeIgniter\HTTP\CURLRequest->request('GET', 'https://www.nel...')
#4 C:\xampp\htdocs\giftful\ci\app\Controllers\Home.php(281): App\Controllers\Home->api('https://www.nel...')
#5 C:\xampp\htdocs\giftful\ci\system\CodeIgniter.php(918): App\Controllers\Home->buyData()
#6 C:\xampp\htdocs\giftful\ci\system\CodeIgniter.php(404): CodeIgniter\CodeIgniter->runController(Object(App\Controllers\Home))
#7 C:\xampp\htdocs\giftful\ci\system\CodeIgniter.php(312): CodeIgniter\CodeIgniter->handleRequest(NULL, Object(Config\Cache), false)
#8 C:\xampp\htdocs\giftful\index.php(45): CodeIgniter\CodeIgniter->run()
#9 {main}
CRITICAL - 2022-10-30 07:48:19 --> 28 : Failed to connect to www.nellobytesystems.com port 443: Timed out
#0 C:\xampp\htdocs\giftful\ci\system\HTTP\CURLRequest.php(821): CodeIgniter\HTTP\Exceptions\HTTPException::forCurlError('28', 'Failed to conne...')
#1 C:\xampp\htdocs\giftful\ci\system\HTTP\CURLRequest.php(449): CodeIgniter\HTTP\CURLRequest->sendRequest(Array)
#2 C:\xampp\htdocs\giftful\ci\system\HTTP\CURLRequest.php(158): CodeIgniter\HTTP\CURLRequest->send('GET', 'https://www.nel...')
#3 C:\xampp\htdocs\giftful\ci\app\Controllers\Home.php(85): CodeIgniter\HTTP\CURLRequest->request('GET', 'https://www.nel...')
#4 C:\xampp\htdocs\giftful\ci\app\Controllers\Home.php(97): App\Controllers\Home->api('https://www.nel...')
#5 C:\xampp\htdocs\giftful\ci\system\CodeIgniter.php(918): App\Controllers\Home->db()
#6 C:\xampp\htdocs\giftful\ci\system\CodeIgniter.php(404): CodeIgniter\CodeIgniter->runController(Object(App\Controllers\Home))
#7 C:\xampp\htdocs\giftful\ci\system\CodeIgniter.php(312): CodeIgniter\CodeIgniter->handleRequest(NULL, Object(Config\Cache), false)
#8 C:\xampp\htdocs\giftful\index.php(45): CodeIgniter\CodeIgniter->run()
#9 {main}
CRITICAL - 2022-10-30 07:49:27 --> 56 : OpenSSL SSL_read: Connection was reset, errno 10054
#0 C:\xampp\htdocs\giftful\ci\system\HTTP\CURLRequest.php(821): CodeIgniter\HTTP\Exceptions\HTTPException::forCurlError('56', 'OpenSSL SSL_rea...')
#1 C:\xampp\htdocs\giftful\ci\system\HTTP\CURLRequest.php(449): CodeIgniter\HTTP\CURLRequest->sendRequest(Array)
#2 C:\xampp\htdocs\giftful\ci\system\HTTP\CURLRequest.php(158): CodeIgniter\HTTP\CURLRequest->send('GET', 'https://www.nel...')
#3 C:\xampp\htdocs\giftful\ci\app\Controllers\Home.php(85): CodeIgniter\HTTP\CURLRequest->request('GET', 'https://www.nel...')
#4 C:\xampp\htdocs\giftful\ci\app\Controllers\Home.php(97): App\Controllers\Home->api('https://www.nel...')
#5 C:\xampp\htdocs\giftful\ci\system\CodeIgniter.php(918): App\Controllers\Home->db()
#6 C:\xampp\htdocs\giftful\ci\system\CodeIgniter.php(404): CodeIgniter\CodeIgniter->runController(Object(App\Controllers\Home))
#7 C:\xampp\htdocs\giftful\ci\system\CodeIgniter.php(312): CodeIgniter\CodeIgniter->handleRequest(NULL, Object(Config\Cache), false)
#8 C:\xampp\htdocs\giftful\index.php(45): CodeIgniter\CodeIgniter->run()
#9 {main}
